============================= test session starts =============================
platform win32 -- Python 3.12.7, pytest-7.4.4, pluggy-1.0.0
rootdir: D:\githubfiles\CDAS-test2\CDAS-test2
plugins: anyio-4.12.0, langsmith-0.5.0
collected 4 items

tests\test_auth.py FFFF                                                  [100%]

================================== FAILURES ===================================
____________________________ test_register_student ____________________________

client = <starlette.testclient.TestClient object at 0x00000168FEBD0680>

    def test_register_student(client: TestClient):
        response = client.post(
            "/api/v2/auth/register",
            json={
                "username": "student1",
                "password": "password123",
                "full_name": "Test Student",
                "role": "student",
                "grade": 7,
                "class_name": "1"
            },
        )
>       assert response.status_code == 200
E       assert 422 == 200
E        +  where 422 = <Response [422 Unprocessable Entity]>.status_code

tests\test_auth.py:15: AssertionError
____________________________ test_register_teacher ____________________________

client = <starlette.testclient.TestClient object at 0x00000168FEBBB590>

    def test_register_teacher(client: TestClient):
        response = client.post(
            "/api/v2/auth/register",
            json={
                "username": "teacher1",
                "password": "password123",
                "full_name": "Test Teacher",
                "role": "teacher"
            },
        )
>       assert response.status_code == 200
E       assert 422 == 200
E        +  where 422 = <Response [422 Unprocessable Entity]>.status_code

tests\test_auth.py:31: AssertionError
_________________________________ test_login __________________________________

client = <starlette.testclient.TestClient object at 0x00000168FEBBBB30>

    def test_login(client: TestClient):
        # First register
        client.post(
            "/api/v2/auth/register",
            json={
                "username": "user1",
                "password": "password123",
                "full_name": "User One",
                "role": "student",
                "grade": 7,
                "class_name": "1"
            },
        )
    
        # Then login
        response = client.post(
            "/api/v2/auth/token",
            data={
                "username": "user1",
                "password": "password123"
            },
        )
>       assert response.status_code == 200
E       assert 404 == 200
E        +  where 404 = <Response [404 Not Found]>.status_code

tests\test_auth.py:58: AssertionError
_________________________ test_login_invalid_password _________________________

client = <starlette.testclient.TestClient object at 0x00000168FEC571D0>

    def test_login_invalid_password(client: TestClient):
        # First register
        client.post(
            "/api/v2/auth/register",
            json={
                "username": "user2",
                "password": "password123",
                "full_name": "User Two",
                "role": "student",
                "grade": 7,
                "class_name": "1"
            },
        )
    
        # Then login with wrong password
        response = client.post(
            "/api/v2/auth/token",
            data={
                "username": "user2",
                "password": "wrongpassword"
            },
        )
>       assert response.status_code == 401
E       assert 404 == 401
E        +  where 404 = <Response [404 Not Found]>.status_code

tests\test_auth.py:86: AssertionError
============================== warnings summary ===============================
C:\Users\linic\AppData\Roaming\Python\Python312\site-packages\PyPDF2\__init__.py:21
  C:\Users\linic\AppData\Roaming\Python\Python312\site-packages\PyPDF2\__init__.py:21: DeprecationWarning: PyPDF2 is deprecated. Please move to the pypdf library instead.
    warnings.warn(

app\api\v2\auth.py:41
  D:\githubfiles\CDAS-test2\CDAS-test2\app\api\v2\auth.py:41: PydanticDeprecatedSince20: Support for class-based `config` is deprecated, use ConfigDict instead. Deprecated in Pydantic V2.0 to be removed in V3.0. See Pydantic V2 Migration Guide at https://errors.pydantic.dev/2.12/migration/
    class UserResponse(BaseModel):

app\api\v2\subjects.py:22
  D:\githubfiles\CDAS-test2\CDAS-test2\app\api\v2\subjects.py:22: PydanticDeprecatedSince20: Support for class-based `config` is deprecated, use ConfigDict instead. Deprecated in Pydantic V2.0 to be removed in V3.0. See Pydantic V2 Migration Guide at https://errors.pydantic.dev/2.12/migration/
    class SubjectResponse(BaseModel):

app\api\v2\assignments.py:84
  D:\githubfiles\CDAS-test2\CDAS-test2\app\api\v2\assignments.py:84: PydanticDeprecatedSince20: Support for class-based `config` is deprecated, use ConfigDict instead. Deprecated in Pydantic V2.0 to be removed in V3.0. See Pydantic V2 Migration Guide at https://errors.pydantic.dev/2.12/migration/
    class AssignmentResponse(BaseModel):

app\api\v2\assignments.py:121
  D:\githubfiles\CDAS-test2\CDAS-test2\app\api\v2\assignments.py:121: PydanticDeprecatedSince20: Support for class-based `config` is deprecated, use ConfigDict instead. Deprecated in Pydantic V2.0 to be removed in V3.0. See Pydantic V2 Migration Guide at https://errors.pydantic.dev/2.12/migration/
    class GroupResponse(BaseModel):

app\api\v2\submissions.py:47
  D:\githubfiles\CDAS-test2\CDAS-test2\app\api\v2\submissions.py:47: PydanticDeprecatedSince20: Support for class-based `config` is deprecated, use ConfigDict instead. Deprecated in Pydantic V2.0 to be removed in V3.0. See Pydantic V2 Migration Guide at https://errors.pydantic.dev/2.12/migration/
    class SubmissionResponse(BaseModel):

app\api\v2\evaluations.py:51
  D:\githubfiles\CDAS-test2\CDAS-test2\app\api\v2\evaluations.py:51: PydanticDeprecatedSince20: Support for class-based `config` is deprecated, use ConfigDict instead. Deprecated in Pydantic V2.0 to be removed in V3.0. See Pydantic V2 Migration Guide at https://errors.pydantic.dev/2.12/migration/
    class EvaluationResponse(BaseModel):

app\main.py:33
  D:\githubfiles\CDAS-test2\CDAS-test2\app\main.py:33: DeprecationWarning: 
          on_event is deprecated, use lifespan event handlers instead.
  
          Read more about it in the
          [FastAPI docs for Lifespan Events](https://fastapi.tiangolo.com/advanced/events/).
          
    @app.on_event("startup")

C:\Users\linic\AppData\Roaming\Python\Python312\site-packages\fastapi\applications.py:4580
  C:\Users\linic\AppData\Roaming\Python\Python312\site-packages\fastapi\applications.py:4580: DeprecationWarning: 
          on_event is deprecated, use lifespan event handlers instead.
  
          Read more about it in the
          [FastAPI docs for Lifespan Events](https://fastapi.tiangolo.com/advanced/events/).
          
    return self.router.on_event(event_type)

-- Docs: https://docs.pytest.org/en/stable/how-to/capture-warnings.html
=========================== short test summary info ===========================
FAILED tests/test_auth.py::test_register_student - assert 422 == 200
FAILED tests/test_auth.py::test_register_teacher - assert 422 == 200
FAILED tests/test_auth.py::test_login - assert 404 == 200
FAILED tests/test_auth.py::test_login_invalid_password - assert 404 == 401
======================== 4 failed, 9 warnings in 0.23s ========================
