test
Traceback (most recent call last):
  File "C:\ProgramData\anaconda3\Lib\site-packages\sqlalchemy\sql\sqltypes.py", line 1619, in _object_value_for_elem
    return self._object_lookup[elem]
           ~~~~~~~~~~~~~~~~~~~^^^^^^
KeyError: 'draft'

The above exception was the direct cause of the following exception:

Traceback (most recent call last):
  File "d:\githubfiles\CDAS-test2\CDAS-test2\app\main.py", line 47, in catch_exceptions_middleware
    return await call_next(request)
           ^^^^^^^^^^^^^^^^^^^^^^^^
  File "C:\Users\linic\AppData\Roaming\Python\Python312\site-packages\starlette\middleware\base.py", line 168, in call_next
    raise app_exc from app_exc.__cause__ or app_exc.__context__
  File "C:\Users\linic\AppData\Roaming\Python\Python312\site-packages\starlette\middleware\base.py", line 144, in coro
    await self.app(scope, receive_or_disconnect, send_no_error)
  File "C:\Users\linic\AppData\Roaming\Python\Python312\site-packages\starlette\middleware\cors.py", line 85, in __call__
    await self.app(scope, receive, send)
  File "C:\Users\linic\AppData\Roaming\Python\Python312\site-packages\starlette\middleware\exceptions.py", line 63, in __call__
    await wrap_app_handling_exceptions(self.app, conn)(scope, receive, send)
  File "C:\Users\linic\AppData\Roaming\Python\Python312\site-packages\starlette\_exception_handler.py", line 53, in wrapped_app
    raise exc
  File "C:\Users\linic\AppData\Roaming\Python\Python312\site-packages\starlette\_exception_handler.py", line 42, in wrapped_app
    await app(scope, receive, sender)
  File "C:\Users\linic\AppData\Roaming\Python\Python312\site-packages\fastapi\middleware\asyncexitstack.py", line 18, in __call__
    await self.app(scope, receive, send)
  File "C:\Users\linic\AppData\Roaming\Python\Python312\site-packages\starlette\routing.py", line 716, in __call__
    await self.middleware_stack(scope, receive, send)
  File "C:\Users\linic\AppData\Roaming\Python\Python312\site-packages\starlette\routing.py", line 736, in app
    await route.handle(scope, receive, send)
  File "C:\Users\linic\AppData\Roaming\Python\Python312\site-packages\starlette\routing.py", line 290, in handle
    await self.app(scope, receive, send)
  File "C:\Users\linic\AppData\Roaming\Python\Python312\site-packages\fastapi\routing.py", line 120, in app
    await wrap_app_handling_exceptions(app, request)(scope, receive, send)
  File "C:\Users\linic\AppData\Roaming\Python\Python312\site-packages\starlette\_exception_handler.py", line 53, in wrapped_app
    raise exc
  File "C:\Users\linic\AppData\Roaming\Python\Python312\site-packages\starlette\_exception_handler.py", line 42, in wrapped_app
    await app(scope, receive, sender)
  File "C:\Users\linic\AppData\Roaming\Python\Python312\site-packages\fastapi\routing.py", line 106, in app
    response = await f(request)
               ^^^^^^^^^^^^^^^^
  File "C:\Users\linic\AppData\Roaming\Python\Python312\site-packages\fastapi\routing.py", line 430, in app
    raw_response = await run_endpoint_function(
                   ^^^^^^^^^^^^^^^^^^^^^^^^^^^^
  File "C:\Users\linic\AppData\Roaming\Python\Python312\site-packages\fastapi\routing.py", line 316, in run_endpoint_function
    return await dependant.call(**values)
           ^^^^^^^^^^^^^^^^^^^^^^^^^^^^^^
  File "d:\githubfiles\CDAS-test2\CDAS-test2\app\api\v2\submissions.py", line 188, in get_submission
    .first()
     ^^^^^^^
  File "C:\ProgramData\anaconda3\Lib\site-packages\sqlalchemy\orm\query.py", line 2728, in first
    return self.limit(1)._iter().first()  # type: ignore
           ^^^^^^^^^^^^^^^^^^^^^^^^^^^^^
  File "C:\ProgramData\anaconda3\Lib\site-packages\sqlalchemy\engine\result.py", line 1786, in first
    return self._only_one_row(
           ^^^^^^^^^^^^^^^^^^^
  File "C:\ProgramData\anaconda3\Lib\site-packages\sqlalchemy\engine\result.py", line 749, in _only_one_row
    row: Optional[_InterimRowType[Any]] = onerow(hard_close=True)
                                          ^^^^^^^^^^^^^^^^^^^^^^^
  File "C:\ProgramData\anaconda3\Lib\site-packages\sqlalchemy\engine\result.py", line 1673, in _fetchone_impl
    return self._real_result._fetchone_impl(hard_close=hard_close)
           ^^^^^^^^^^^^^^^^^^^^^^^^^^^^^^^^^^^^^^^^^^^^^^^^^^^^^^^
  File "C:\ProgramData\anaconda3\Lib\site-packages\sqlalchemy\engine\result.py", line 2259, in _fetchone_impl
    row = next(self.iterator, _NO_ROW)
          ^^^^^^^^^^^^^^^^^^^^^^^^^^^^
  File "C:\ProgramData\anaconda3\Lib\site-packages\sqlalchemy\orm\loading.py", line 219, in chunks
    fetch = cursor._raw_all_rows()
            ^^^^^^^^^^^^^^^^^^^^^^
  File "C:\ProgramData\anaconda3\Lib\site-packages\sqlalchemy\engine\result.py", line 541, in _raw_all_rows
    return [make_row(row) for row in rows]
            ^^^^^^^^^^^^^
  File "lib\\sqlalchemy\\cyextension\\resultproxy.pyx", line 22, in sqlalchemy.cyextension.resultproxy.BaseRow.__init__
  File "lib\\sqlalchemy\\cyextension\\resultproxy.pyx", line 79, in sqlalchemy.cyextension.resultproxy._apply_processors
  File "C:\ProgramData\anaconda3\Lib\site-packages\sqlalchemy\sql\sqltypes.py", line 1739, in process
    value = self._object_value_for_elem(value)
            ^^^^^^^^^^^^^^^^^^^^^^^^^^^^^^^^^^
  File "C:\ProgramData\anaconda3\Lib\site-packages\sqlalchemy\sql\sqltypes.py", line 1621, in _object_value_for_elem
    raise LookupError(
LookupError: 'draft' is not among the defined enum values. Enum name: submissionstatus. Possible values: DRAFT, SUBMITTED, GRADED

---
